0 verbose cli /usr/local/nvm/versions/node/v18.12.1/bin/node /usr/local/nvm/versions/node/v18.12.1/bin/npm
1 info using npm@9.6.4
2 info using node@v18.12.1
3 timing npm:load:whichnode Completed in 2ms
4 timing config:load:defaults Completed in 3ms
5 timing config:load:file:/usr/local/nvm/versions/node/v18.12.1/lib/node_modules/npm/npmrc Completed in 1ms
6 timing config:load:builtin Completed in 1ms
7 timing config:load:cli Completed in 4ms
8 timing config:load:env Completed in 1ms
9 timing config:load:file:/home/rachel_eckert13/.cache/typescript/3.8/.npmrc Completed in 0ms
10 timing config:load:project Completed in 1ms
11 timing config:load:file:/home/rachel_eckert13/.npmrc Completed in 0ms
12 timing config:load:user Completed in 1ms
13 timing config:load:file:/usr/local/nvm/versions/node/v18.12.1/etc/npmrc Completed in 0ms
14 timing config:load:global Completed in 0ms
15 timing config:load:setEnvs Completed in 2ms
16 timing config:load Completed in 13ms
17 timing npm:load:configload Completed in 13ms
18 timing npm:load:mkdirpcache Completed in 0ms
19 timing npm:load:mkdirplogs Completed in 0ms
20 verbose title npm install types-registry@latest
21 verbose argv "install" "--ignore-scripts" "types-registry@latest"
22 timing npm:load:setTitle Completed in 1ms
23 timing config:load:flatten Completed in 5ms
24 timing npm:load:display Completed in 7ms
25 verbose logfile logs-max:10 dir:/home/rachel_eckert13/.npm/_logs/2023-05-01T14_55_49_413Z-
26 verbose logfile /home/rachel_eckert13/.npm/_logs/2023-05-01T14_55_49_413Z-debug-0.log
27 timing npm:load:logFile Completed in 35ms
28 timing npm:load:timers Completed in 1ms
29 timing npm:load:configScope Completed in 0ms
30 timing npm:load Completed in 61ms
31 timing arborist:ctor Completed in 1ms
32 silly logfile done cleaning log files
33 timing arborist:ctor Completed in 5ms
34 timing idealTree:init Completed in 113ms
35 http fetch GET 200 https://registry.npmjs.org/types-registry 392ms (cache miss)
36 timing idealTree:userRequests Completed in 460ms
37 silly idealTree buildDeps
38 silly fetch manifest types-registry@0.1.642
39 silly placeDep ROOT types-registry@0.1.642 OK for:  want: 0.1.642
40 timing idealTree:#root Completed in 38ms
41 timing idealTree:node_modules/types-registry Completed in 0ms
42 timing idealTree:buildDeps Completed in 40ms
43 timing idealTree:fixDepFlags Completed in 0ms
44 timing idealTree Completed in 622ms
45 timing reify:loadTrees Completed in 632ms
46 timing reify:diffTrees Completed in 2ms
47 silly reify moves {}
48 timing reify:retireShallow Completed in 3ms
49 http fetch GET 200 https://registry.npmjs.org/npm 1202ms (cache miss)
50 timing reify:createSparse Completed in 227ms
51 timing reify:loadBundles Completed in 0ms
52 silly audit bulk request { 'types-registry': [ '0.1.642' ] }
53 silly tarball no local data for types-registry@https://registry.npmjs.org/types-registry/-/types-registry-0.1.642.tgz. Extracting by manifest.
54 http fetch POST 200 https://registry.npmjs.org/-/npm/v1/security/advisories/bulk 208ms
55 timing auditReport:getReport Completed in 218ms
56 silly audit report {}
57 timing auditReport:init Completed in 0ms
58 timing reify:audit Completed in 220ms
59 http fetch GET 200 https://registry.npmjs.org/types-registry/-/types-registry-0.1.642.tgz 215ms (cache miss)
60 timing reifyNode:node_modules/types-registry Completed in 280ms
61 timing reify:unpack Completed in 282ms
62 timing reify:unretire Completed in 0ms
63 timing build:queue Completed in 1ms
64 timing build:deps Completed in 1ms
65 timing build Completed in 1ms
66 timing reify:build Completed in 2ms
67 timing reify:trash Completed in 0ms
68 timing reify:save Completed in 23ms
69 timing reify Completed in 1811ms
70 silly ADD node_modules/types-registry
71 timing command:install Completed in 1834ms
72 notice
72 notice New patch version of npm available! 9.6.4 -> 9.6.5
72 notice Changelog: <https://github.com/npm/cli/releases/tag/v9.6.5>
72 notice Run `npm install -g npm@9.6.5` to update!
72 notice
73 verbose exit 0
74 timing npm Completed in 1961ms
75 info ok
