0 verbose cli /usr/local/nvm/versions/node/v18.12.1/bin/node /usr/local/nvm/versions/node/v18.12.1/bin/npm
1 info using npm@9.6.4
2 info using node@v18.12.1
3 timing npm:load:whichnode Completed in 1ms
4 timing config:load:defaults Completed in 2ms
5 timing config:load:file:/usr/local/nvm/versions/node/v18.12.1/lib/node_modules/npm/npmrc Completed in 0ms
6 timing config:load:builtin Completed in 1ms
7 timing config:load:cli Completed in 3ms
8 timing config:load:env Completed in 1ms
9 timing config:load:file:/home/rachel_eckert13/.cache/typescript/3.8/.npmrc Completed in 0ms
10 timing config:load:project Completed in 2ms
11 timing config:load:file:/home/rachel_eckert13/.npmrc Completed in 0ms
12 timing config:load:user Completed in 0ms
13 timing config:load:file:/usr/local/nvm/versions/node/v18.12.1/etc/npmrc Completed in 0ms
14 timing config:load:global Completed in 0ms
15 timing config:load:setEnvs Completed in 2ms
16 timing config:load Completed in 11ms
17 timing npm:load:configload Completed in 11ms
18 timing npm:load:mkdirpcache Completed in 0ms
19 timing npm:load:mkdirplogs Completed in 0ms
20 verbose title npm install @types/node@ts3.8
21 verbose argv "install" "--ignore-scripts" "@types/node@ts3.8" "--save-dev" "--user-agent" "typesInstaller/3.8.3"
22 timing npm:load:setTitle Completed in 1ms
23 timing config:load:flatten Completed in 4ms
24 timing npm:load:display Completed in 5ms
25 verbose logfile logs-max:10 dir:/home/rachel_eckert13/.npm/_logs/2023-05-01T15_43_53_734Z-
26 verbose logfile /home/rachel_eckert13/.npm/_logs/2023-05-01T15_43_53_734Z-debug-0.log
27 timing npm:load:logFile Completed in 9ms
28 timing npm:load:timers Completed in 0ms
29 timing npm:load:configScope Completed in 0ms
30 timing npm:load Completed in 30ms
31 timing arborist:ctor Completed in 1ms
32 silly logfile done cleaning log files
33 timing idealTree:init Completed in 22ms
34 timing arborist:ctor Completed in 0ms
35 http fetch GET 200 https://registry.npmjs.org/@types%2fnode 235ms (cache miss)
36 timing idealTree:userRequests Completed in 258ms
37 silly idealTree buildDeps
38 silly fetch manifest @types/node@17.0.21
39 silly placeDep ROOT @types/node@17.0.21 OK for:  want: 17.0.21
40 timing idealTree:#root Completed in 9ms
41 timing idealTree:node_modules/@types/node Completed in 0ms
42 timing idealTree:buildDeps Completed in 11ms
43 timing idealTree:fixDepFlags Completed in 0ms
44 timing idealTree Completed in 293ms
45 timing reify:loadTrees Completed in 295ms
46 timing reify:diffTrees Completed in 2ms
47 silly reify moves {}
48 timing reify:retireShallow Completed in 2ms
49 timing reify:createSparse Completed in 1ms
50 timing reify:loadBundles Completed in 0ms
51 silly audit bulk request { 'types-registry': [ '0.1.642' ], '@types/node': [ '17.0.21' ] }
52 silly tarball no local data for @types/node@https://registry.npmjs.org/@types/node/-/node-17.0.21.tgz. Extracting by manifest.
53 http fetch POST 200 https://registry.npmjs.org/-/npm/v1/security/advisories/bulk 164ms
54 timing auditReport:getReport Completed in 167ms
55 silly audit report {}
56 timing auditReport:init Completed in 0ms
57 timing reify:audit Completed in 168ms
58 http fetch GET 200 https://registry.npmjs.org/@types/node/-/node-17.0.21.tgz 191ms (cache miss)
59 timing reifyNode:node_modules/@types/node Completed in 213ms
60 timing reify:unpack Completed in 213ms
61 timing reify:unretire Completed in 0ms
62 timing build:queue Completed in 1ms
63 timing build:deps Completed in 1ms
64 timing build Completed in 2ms
65 timing reify:build Completed in 2ms
66 timing reify:trash Completed in 0ms
67 timing reify:save Completed in 10ms
68 timing reify Completed in 555ms
69 silly ADD node_modules/@types/node
70 timing command:install Completed in 564ms
71 verbose exit 0
72 timing npm Completed in 613ms
73 info ok
