0 verbose cli /usr/local/nvm/versions/node/v18.12.1/bin/node /usr/local/nvm/versions/node/v18.12.1/bin/npm
1 info using npm@9.6.4
2 info using node@v18.12.1
3 timing npm:load:whichnode Completed in 26ms
4 timing config:load:defaults Completed in 13ms
5 timing config:load:file:/usr/local/nvm/versions/node/v18.12.1/lib/node_modules/npm/npmrc Completed in 1ms
6 timing config:load:builtin Completed in 2ms
7 timing config:load:cli Completed in 14ms
8 timing config:load:env Completed in 1ms
9 timing config:load:file:/home/rachel_eckert13/.cache/typescript/3.8/.npmrc Completed in 0ms
10 timing config:load:project Completed in 20ms
11 timing config:load:file:/home/rachel_eckert13/.npmrc Completed in 0ms
12 timing config:load:user Completed in 0ms
13 timing config:load:file:/usr/local/nvm/versions/node/v18.12.1/etc/npmrc Completed in 3ms
14 timing config:load:global Completed in 4ms
15 timing config:load:setEnvs Completed in 2ms
16 timing config:load Completed in 56ms
17 timing npm:load:configload Completed in 57ms
18 timing npm:load:mkdirpcache Completed in 3ms
19 timing npm:load:mkdirplogs Completed in 0ms
20 verbose title npm install types-registry@latest
21 verbose argv "install" "--ignore-scripts" "types-registry@latest"
22 timing npm:load:setTitle Completed in 2ms
23 timing config:load:flatten Completed in 14ms
24 timing npm:load:display Completed in 36ms
25 verbose logfile logs-max:10 dir:/home/rachel_eckert13/.npm/_logs/2023-05-01T15_42_18_926Z-
26 verbose logfile /home/rachel_eckert13/.npm/_logs/2023-05-01T15_42_18_926Z-debug-0.log
27 timing npm:load:logFile Completed in 39ms
28 timing npm:load:timers Completed in 0ms
29 timing npm:load:configScope Completed in 0ms
30 timing npm:load Completed in 164ms
31 timing arborist:ctor Completed in 7ms
32 silly logfile done cleaning log files
33 timing idealTree:init Completed in 118ms
34 timing arborist:ctor Completed in 0ms
35 http fetch GET 200 https://registry.npmjs.org/types-registry 554ms (cache revalidated)
36 timing idealTree:userRequests Completed in 579ms
37 silly idealTree buildDeps
38 silly fetch manifest types-registry@0.1.642
39 silly placeDep ROOT types-registry@0.1.642 REPLACE for:  want: 0.1.642
40 timing idealTree:#root Completed in 30ms
41 timing idealTree:node_modules/types-registry Completed in 1ms
42 timing idealTree:buildDeps Completed in 34ms
43 timing idealTree:fixDepFlags Completed in 1ms
44 timing idealTree Completed in 746ms
45 timing reify:loadTrees Completed in 747ms
46 timing reify:diffTrees Completed in 8ms
47 silly reify moves {}
48 timing reify:retireShallow Completed in 7ms
49 timing reify:createSparse Completed in 0ms
50 timing reify:loadBundles Completed in 0ms
51 silly audit bulk request { 'types-registry': [ '0.1.642' ] }
52 timing reify:unpack Completed in 2ms
53 timing reify:unretire Completed in 0ms
54 timing build:queue Completed in 0ms
55 timing build:deps Completed in 1ms
56 timing build Completed in 1ms
57 timing reify:build Completed in 1ms
58 timing reify:trash Completed in 0ms
59 timing reify:save Completed in 10ms
60 http fetch POST 200 https://registry.npmjs.org/-/npm/v1/security/advisories/bulk 170ms
61 timing auditReport:getReport Completed in 175ms
62 silly audit report {}
63 timing auditReport:init Completed in 0ms
64 timing reify:audit Completed in 176ms
65 timing reify Completed in 983ms
66 timing command:install Completed in 1010ms
67 verbose exit 0
68 timing npm Completed in 1275ms
69 info ok
